<?xml version="1.0" encoding="UTF-8"?>
<!-- Generated by org.testng.reporters.JUnitXMLReporter -->
<testsuite ignored="0" hostname="Vaishak" failures="0" tests="5" name="QA" time="0.063" errors="0" timestamp="2024-04-30T21:10:31 IST">
  <testcase classname="appium.day3" name="demo" time="0.019"/>
  <testcase classname="appium.day3" name="demo1" time="0.001"/>
  <testcase classname="appium.day3" name="demo13" time="0.001"/>
  <testcase classname="appium.day2" name="demo" time="0.001"/>
  <testcase classname="appium.day2" name="demo1" time="0.001"/>
</testsuite> <!-- QA -->
