<?xml version="1.0" encoding="UTF-8"?>
<!-- Generated by org.testng.reporters.JUnitXMLReporter -->
<testsuite ignored="0" hostname="Vaishak" failures="0" tests="4" name="Default test" time="135.151" errors="0" timestamp="2024-05-02T10:54:10 IST">
  <testcase classname="appium.appium" name="config" time="78.577"/>
  <testcase classname="appium.appium" name="demo" time="0.008"/>
  <testcase classname="appium.appium" name="demo1" time="0.003"/>
  <testcase classname="appium.appium" name="demo13" time="0.008"/>
</testsuite> <!-- Default test -->
