<?xml version="1.0" encoding="UTF-8"?>
<!-- Generated by org.testng.reporters.JUnitXMLReporter -->
<testsuite ignored="0" hostname="Vaishak" failures="0" tests="10" name="QA" time="0.129" errors="0" timestamp="2024-04-30T21:28:13 IST">
  <testcase classname="appium.day2" name="demo" time="0.011"/>
  <testcase classname="appium.day2" name="demo1" time="0.002"/>
  <testcase classname="appium.day3" name="demo" time="0.002"/>
  <testcase classname="appium.day3" name="demo1" time="0.002"/>
  <testcase classname="appium.day3" name="demo13" time="0.001"/>
  <testcase classname="appium.day4Test" name="demo" time="0.001"/>
  <testcase classname="appium.day4Test" name="demo1" time="0.001"/>
  <testcase classname="appium.day4Test" name="demo13" time="0.001"/>
  <testcase classname="appium.test" name="demo" time="0.002"/>
  <testcase classname="appium.test" name="demo1" time="0.001"/>
</testsuite> <!-- QA -->
