<?xml version="1.0" encoding="UTF-8"?>
<!-- Generated by org.testng.reporters.JUnitXMLReporter -->
<testsuite ignored="0" hostname="Vaishak" failures="0" tests="4" name="Test" time="0.063" errors="0" timestamp="2024-04-30T12:12:53 IST">
  <testcase classname="appium.day2" name="demo" time="0.013"/>
  <testcase classname="appium.day2" name="demo1" time="0.001"/>
  <testcase classname="appium.test" name="demo" time="0.001"/>
  <testcase classname="appium.test" name="demo1" time="0.001"/>
</testsuite> <!-- Test -->
